2016-11-28T09:29:44.914Z - normal: Load ~/.CocosCreator/settings.json
2016-11-28T09:29:44.919Z - normal: checking language setting...
2016-11-28T09:29:44.920Z - normal: Language: zh
2016-11-28T09:29:45.980Z - success: protocol editor-framework registered
2016-11-28T09:29:45.980Z - success: protocol app registered
2016-11-28T09:29:45.980Z - success: protocol packages registered
2016-11-28T09:29:45.980Z - success: protocol theme registered
2016-11-28T09:29:45.980Z - success: protocol unpack registerred
2016-11-28T09:29:46.110Z - normal: connected!
2016-11-28T09:29:46.113Z - normal: Check project D:\cocos\star
2016-11-28T09:29:46.116Z - normal: Initializing Cocos Creator Editor
2016-11-28T09:29:46.387Z - normal: Initializing Cocos2d
2016-11-28T09:29:46.647Z - normal: Initializing Asset Database
2016-11-28T09:29:46.668Z - success: protocol uuid registerred
2016-11-28T09:29:46.669Z - success: protocol db registerred
2016-11-28T09:29:46.669Z - success: protocol thumbnail registerred
2016-11-28T09:29:46.669Z - normal: Loading editor/builtin packages
2016-11-28T09:29:46.781Z - success: assets loaded
2016-11-28T09:29:46.783Z - success: builder loaded
2016-11-28T09:29:46.785Z - success: hierarchy loaded
2016-11-28T09:29:46.787Z - success: inspector loaded
2016-11-28T09:29:46.788Z - success: keystore loaded
2016-11-28T09:29:46.790Z - success: node-library loaded
2016-11-28T09:29:46.796Z - success: preferences loaded
2016-11-28T09:29:46.807Z - success: project-importer loaded
2016-11-28T09:29:46.808Z - success: project-settings loaded
2016-11-28T09:29:46.810Z - success: ui-kit loaded
2016-11-28T09:29:46.811Z - success: ui-grid loaded
2016-11-28T09:29:46.814Z - success: scene loaded
2016-11-28T09:29:46.814Z - success: sprite-editor loaded
2016-11-28T09:29:46.819Z - success: timeline loaded
2016-11-28T09:29:46.819Z - normal: Loading builtin packages
2016-11-28T09:29:46.821Z - success: asset-db-debugger loaded
2016-11-28T09:29:46.822Z - success: code-editor loaded
2016-11-28T09:29:46.823Z - success: color-picker loaded
2016-11-28T09:29:46.825Z - success: console loaded
2016-11-28T09:29:46.826Z - success: package-manager loaded
2016-11-28T09:29:46.828Z - success: tester loaded
2016-11-28T09:29:46.830Z - success: ui-kit-preview-extra loaded
2016-11-28T09:29:46.831Z - success: ui-kit-preview loaded
2016-11-28T09:29:46.832Z - success: ui-tree loaded
2016-11-28T09:29:46.868Z - normal: Initializing project D:\cocos\star
2016-11-28T09:29:46.871Z - normal: Loading packages
2016-11-28T09:29:46.875Z - normal: Watching packages
2016-11-28T09:29:46.885Z - normal: Run Application
2016-11-28T09:29:47.533Z - success: preview server running at http://localhost:7456
2016-11-28T09:29:50.724Z - normal: 1.3.2
2016-11-28T09:31:12.055Z - normal: Compiled successfully
2016-11-28T09:31:16.171Z - normal: Compiled successfully
2016-11-28T09:31:19.820Z - normal: Compiled successfully
2016-11-28T09:33:08.958Z - normal: Compiled successfully
2016-11-28T09:34:12.542Z - normal: Compiled successfully
2016-11-28T09:34:17.588Z - normal: Compiled successfully
2016-11-28T09:40:45.347Z - normal: Compiled successfully
2016-11-28T09:43:26.005Z - normal: Compiled successfully
2016-11-28T09:45:42.773Z - normal: Compiled successfully
2016-11-28T09:45:56.508Z - normal: Compiled successfully
2016-11-28T09:46:20.316Z - normal: Compiled successfully
2016-11-28T09:47:55.310Z - normal: Compiled successfully
2016-11-28T09:47:57.501Z - normal: Compiled successfully
2016-11-28T09:48:33.493Z - normal: Compiled successfully
2016-11-28T09:52:55.103Z - normal: Compiled successfully
2016-11-28T09:54:07.254Z - normal: Compiled successfully
2016-11-28T09:54:56.056Z - normal: Compiled successfully
2016-11-28T09:55:19.005Z - normal: Compiled successfully
2016-11-28T11:11:47.063Z - normal: Compiled successfully
2016-11-28T11:12:44.515Z - normal: Compiled successfully
2016-11-28T11:16:15.487Z - normal: Compiled successfully
2016-11-28T11:17:19.149Z - normal: Compiled successfully
2016-11-28T11:17:37.387Z - normal: Compiled successfully
2016-11-28T11:17:40.250Z - normal: Compiled successfully
2016-11-28T11:18:16.534Z - normal: Compiled successfully
2016-11-28T11:18:39.533Z - normal: Compiled successfully
2016-11-28T11:18:52.468Z - normal: Compiled successfully
2016-11-28T11:19:06.979Z - normal: Compiled successfully
2016-11-28T11:21:38.549Z - normal: Compiled successfully
2016-11-28T11:22:07.805Z - normal: Compiled successfully
2016-11-28T11:22:11.374Z - normal: Compiled successfully
2016-11-28T11:22:36.844Z - normal: Compiled successfully
2016-11-28T11:22:41.587Z - normal: Compiled successfully
2016-11-28T11:23:19.321Z - normal: Compiled successfully
2016-11-28T11:24:47.538Z - normal: Compiled successfully
2016-11-28T11:25:31.386Z - normal: Compiled successfully
2016-11-28T11:45:24.589Z - info: shutdown preview server
